Timestamp: 2026-02-17  (captured run)

=== py_compile validation ===
OK main.py
OK risk_engine\cloud_rules.py
OK risk_engine\iot_rules.py
OK risk_engine\risk_calculator.py
OK risk_engine\__init__.py

=== Flask server run output ===
 * Serving Flask app 'main'
 * Debug mode: on
WARNING: This is a development server. Do not use it in a production deployment.
 Use a production WSGI server instead.
 * Running on all addresses (0.0.0.0)
 * Running on http://127.0.0.1:5000
 * Running on http://192.168.1.2:5000
Press CTRL+C to quit
 * Restarting with watchdog (windowsapi)
 * Debugger is active!
 * Debugger PIN: 835-021-689

=== Notes ===
- App entrypoint: main.py
- Threat file: data/threat_knowledge.json
